{ container: 'images',
  name: 'discount-ico.png',
  type: 'image/png' }
{ container: 'images',
  name: 'ca731ff8f4d2b2263f1f2b5e22118984.jpeg',
  type: 'image/jpeg' }
{ container: 'images', name: 'big-rupor.png', type: 'image/png' }
{ container: 'images', name: 'big-rupor.png', type: 'image/png' }
{ container: 'images', name: 'big-rupor.png', type: 'image/png' }
{ container: 'images',
  name: 'a-healed-thumb_sm.jpg',
  type: 'image/jpeg' }
{ container: 'images', name: 'big-rupor.png', type: 'image/png' }
{ container: 'images',
  name: 'ca731ff8f4d2b2263f1f2b5e22118984.jpeg',
  type: 'image/jpeg' }
{ container: 'images',
  name: 'discount-ico.png',
  type: 'image/png' }
{ container: 'images', name: 'big-rupor.png', type: 'image/png' }
{ container: 'images',
  name: 'discount-ico.png',
  type: 'image/png' }
{ container: 'images', name: 'big-rupor.png', type: 'image/png' }
{ container: 'images',
  name: 'a-healed-thumb_sm.jpg',
  type: 'image/jpeg' }
{ container: 'images', name: 'big-rupor.png', type: 'image/png' }
{ container: 'images', name: 'big-rupor.png', type: 'image/png' }
{ container: 'images', name: 'big-rupor.png', type: 'image/png' }
{ container: 'images',
  name: 'a-healed-thumb_sm.jpg',
  type: 'image/jpeg' }
{ container: 'images',
  name: 'a-healed-thumb_sm.jpg',
  type: 'image/jpeg' }
{ container: 'images',
  name: '0.353992001364291814.jpg',
  type: 'image/jpeg' }
{ container: 'images', name: 'big-rupor.png', type: 'image/png' }
{ container: 'images',
  name: 'a-healed-thumb_sm.jpg',
  type: 'image/jpeg' }
{ container: 'images',
  name: 'a-healed-thumb_sm.jpg',
  type: 'image/jpeg' }
{ container: 'images',
  name: 'a-healed-thumb_sm.jpg',
  type: 'image/jpeg' }
{ container: 'images',
  name: 'a-healed-thumb_sm.jpg',
  type: 'image/jpeg' }
{ container: 'images',
  name: '0.353992001364291814.jpg',
  type: 'image/jpeg' }
{ container: 'images', name: 'icons32x.png', type: 'image/png' }
{ container: 'images',
  name: 'price-icon-vl.png',
  type: 'image/png' }
{ container: 'images', name: 'price.jpg', type: 'image/jpeg' }
{ container: 'images',
  name: 'ca731ff8f4d2b2263f1f2b5e22118984.jpeg',
  type: 'image/jpeg' }
{ container: 'images',
  name: 'price-icon-arrow.png',
  type: 'image/png' }
{ container: 'images', name: 'big-rupor.png', type: 'image/png' }
{ container: 'images',
  name: 'a-healed-thumb_sm.jpg',
  type: 'image/jpeg' }
{ container: 'images',
  name: 'a-healed-thumb_sm.jpg',
  type: 'image/jpeg' }
{ container: 'images', name: 'big-rupor.png', type: 'image/png' }
{ container: 'images',
  name: 'a-healed-thumb_sm.jpg',
  type: 'image/jpeg' }
{ container: 'images',
  name: '0.353992001364291814.jpg',
  type: 'image/jpeg' }
{ container: 'images', name: 'big-rupor.png', type: 'image/png' }
{ container: 'images', name: 'big-rupor.png', type: 'image/png' }
{ container: 'images',
  name: '0.353992001364291814.jpg',
  type: 'image/jpeg' }
{ container: 'images',
  name: 'a-healed-thumb_sm.jpg',
  type: 'image/jpeg' }
